<?xml version="1.0" encoding="UTF-8"?>
<testsuite xmlns:xsi="http://www.w3.org/2001/XMLSchema-instance" xsi:noNamespaceSchemaLocation="https://maven.apache.org/surefire/maven-surefire-plugin/xsd/surefire-test-report.xsd" name="test.java.AnimalsTest" time="0.061" tests="4" errors="0" skipped="0" failures="0">
  <properties>
[...]
</properties>
  <testcase name="testTiger" classname="test.java.AnimalsTest" time="0.005"/>
  <testcase name="testWolf" classname="test.java.AnimalsTest" time="0"/>
  <testcase name="testMonkey" classname="test.java.AnimalsTest" time="0"/>
  <testcase name="testRabbit" classname="test.java.AnimalsTest" time="0"/>
</testsuite>